<?xml version="1.0" encoding="UTF-8"?>
<testsuite name="com.aor.numbers.ListFiltererTest" tests="3" skipped="0" failures="0" errors="0" timestamp="2022-10-19T07:58:32" hostname="DESKTOP-880E6DH" time="0.003">
  <properties/>
  <testcase name="divisibleBy2()" classname="com.aor.numbers.ListFiltererTest" time="0.001"/>
  <testcase name="divisibleBy5()" classname="com.aor.numbers.ListFiltererTest" time="0.0"/>
  <testcase name="positive()" classname="com.aor.numbers.ListFiltererTest" time="0.0"/>
  <system-out><![CDATA[]]></system-out>
  <system-err><![CDATA[]]></system-err>
</testsuite>
