<?xml version="1.0" encoding="UTF-8"?>
<testsuite name="com.aor.numbers.DivisibleByFilterTestSpock" tests="2" skipped="0" failures="0" errors="0" timestamp="2022-10-19T07:58:31" hostname="DESKTOP-880E6DH" time="0.528">
  <properties/>
  <testcase name="test divide by 2" classname="com.aor.numbers.DivisibleByFilterTestSpock" time="0.525"/>
  <testcase name="test divide by 3" classname="com.aor.numbers.DivisibleByFilterTestSpock" time="0.002"/>
  <system-out><![CDATA[]]></system-out>
  <system-err><![CDATA[]]></system-err>
</testsuite>
