<?xml version="1.0" encoding="UTF-8"?>
<testsuite name="com.aor.numbers.ListSorterTestSpock" tests="1" skipped="0" failures="0" errors="0" timestamp="2022-10-19T07:58:31" hostname="DESKTOP-880E6DH" time="0.003">
  <properties/>
  <testcase name="test sort" classname="com.aor.numbers.ListSorterTestSpock" time="0.003"/>
  <system-out><![CDATA[]]></system-out>
  <system-err><![CDATA[]]></system-err>
</testsuite>
